Exception in thread Thread-3:
Traceback (most recent call last):
  File "threading.pyc", line 530, in __bootstrap_inner
  File "electrum_myr\interface.pyc", line 589, in run
  File "electrum_myr\interface.pyc", line 538, in send
  File "electrum_myr\interface.pyc", line 279, in send_http
  File "json\__init__.pyc", line 310, in loads
  File "json\decoder.pyc", line 346, in decode
  File "json\decoder.pyc", line 364, in raw_decode
ValueError: No JSON object could be decoded

Exception in thread Thread-7:
Traceback (most recent call last):
  File "threading.pyc", line 530, in __bootstrap_inner
  File "electrum_myr\synchronizer.pyc", line 62, in run
  File "electrum_myr\synchronizer.pyc", line 84, in run_interface
  File "electrum_myr\synchronizer.pyc", line 50, in subscribe_to_addresses
  File "electrum_myr\network.pyc", line 133, in subscribe
  File "electrum_myr\interface.pyc", line 538, in send
  File "electrum_myr\interface.pyc", line 279, in send_http
  File "json\__init__.pyc", line 310, in loads
  File "json\decoder.pyc", line 346, in decode
  File "json\decoder.pyc", line 364, in raw_decode
ValueError: No JSON object could be decoded

Exception in thread Thread-6:
Traceback (most recent call last):
  File "threading.pyc", line 530, in __bootstrap_inner
  File "electrum_myr\verifier.pyc", line 106, in run
  File "electrum_myr\network.pyc", line 138, in send
  File "electrum_myr\interface.pyc", line 538, in send
  File "electrum_myr\interface.pyc", line 279, in send_http
  File "json\__init__.pyc", line 310, in loads
  File "json\decoder.pyc", line 346, in decode
  File "json\decoder.pyc", line 364, in raw_decode
ValueError: No JSON object could be decoded

Exception in thread Thread-2:
Traceback (most recent call last):
  File "threading.pyc", line 530, in __bootstrap_inner
  File "electrum_myr\blockchain.pyc", line 112, in run
  File "electrum_myr\blockchain.pyc", line 505, in get_and_verify_chunks
  File "electrum_myr\interface.pyc", line 603, in synchronous_get
TypeError: 'NoneType' object has no attribute '__getitem__'

